[debug] [2024-10-24T22:55:06.973Z] ----------------------------------------------------------------------
[debug] [2024-10-24T22:55:06.979Z] Command:       /Users/mac/.nvm/versions/node/v20.15.0/bin/node /Users/mac/.nvm/versions/node/v20.15.0/bin/firebase init functions
[debug] [2024-10-24T22:55:06.980Z] CLI Version:   13.23.0
[debug] [2024-10-24T22:55:06.980Z] Platform:      darwin
[debug] [2024-10-24T22:55:06.980Z] Node Version:  v20.15.0
[debug] [2024-10-24T22:55:06.980Z] Time:          Thu Oct 24 2024 23:55:06 GMT+0100 (West Africa Standard Time)
[debug] [2024-10-24T22:55:06.980Z] ----------------------------------------------------------------------
[debug] 
[debug] [2024-10-24T22:55:06.984Z] >>> [apiv2][query] GET https://firebase-public.firebaseio.com/cli.json [none]
[debug] [2024-10-24T22:55:07.061Z] > command requires scopes: ["email","openid","https://www.googleapis.com/auth/cloudplatformprojects.readonly","https://www.googleapis.com/auth/firebase","https://www.googleapis.com/auth/cloud-platform"]
[debug] [2024-10-24T22:55:07.062Z] > authorizing via signed-in user (johndharey@gmail.com)
[info] 
     ######## #### ########  ######## ########     ###     ######  ########
     ##        ##  ##     ## ##       ##     ##  ##   ##  ##       ##
     ######    ##  ########  ######   ########  #########  ######  ######
     ##        ##  ##    ##  ##       ##     ## ##     ##       ## ##
     ##       #### ##     ## ######## ########  ##     ##  ######  ########

You're about to initialize a Firebase project in this directory:

  /Users/mac/ecommerce_workings

[info] 
=== Project Setup
[info] 
[info] First, let's associate this project directory with a Firebase project.
[info] You can create multiple project aliases by running firebase use --add, 
[info] but for now we'll just set up a default project.
[info] 
[debug] [2024-10-24T22:55:07.902Z] <<< [apiv2][status] GET https://firebase-public.firebaseio.com/cli.json 200
[debug] [2024-10-24T22:55:07.902Z] <<< [apiv2][body] GET https://firebase-public.firebaseio.com/cli.json {"cloudBuildErrorAfter":1594252800000,"cloudBuildWarnAfter":1590019200000,"defaultNode10After":1594252800000,"minVersion":"3.0.5","node8DeploysDisabledAfter":1613390400000,"node8RuntimeDisabledAfter":1615809600000,"node8WarnAfter":1600128000000}
[debug] [2024-10-24T22:55:20.418Z] Checked if tokens are valid: false, expires at: 1729007646292
[debug] [2024-10-24T22:55:20.418Z] Checked if tokens are valid: false, expires at: 1729007646292
[debug] [2024-10-24T22:55:20.418Z] > refreshing access token with scopes: []
[debug] [2024-10-24T22:55:20.420Z] >>> [apiv2][query] POST https://www.googleapis.com/oauth2/v3/token [none]
[debug] [2024-10-24T22:55:20.421Z] >>> [apiv2][body] POST https://www.googleapis.com/oauth2/v3/token [omitted]
[debug] [2024-10-24T22:55:20.911Z] <<< [apiv2][status] POST https://www.googleapis.com/oauth2/v3/token 200
[debug] [2024-10-24T22:55:20.912Z] <<< [apiv2][body] POST https://www.googleapis.com/oauth2/v3/token [omitted]
[debug] [2024-10-24T22:55:20.957Z] >>> [apiv2][query] GET https://firebase.googleapis.com/v1beta1/projects pageSize=100
[debug] [2024-10-24T22:55:21.832Z] <<< [apiv2][status] GET https://firebase.googleapis.com/v1beta1/projects 200
[debug] [2024-10-24T22:55:21.832Z] <<< [apiv2][body] GET https://firebase.googleapis.com/v1beta1/projects [omitted]
